========== KOHI SORT DEBUG ==========
C File: /home/tom/Projects/vkEngine/src/gpu/shader_compiler.c
H File: /home/tom/Projects/vkEngine/src/gpu/shader_compiler.h

--- PART 1: DETECTED C FUNCTIONS (Ordered) ---
01. compile_glsl_to_spirv |  CompileResult compile_glsl_to_spirv(VkDevice device, const char *path, ShaderStage stage);

--- PART 2: MERGE SIMULATION (Check for Duplicates) ---
[   ] 001: #pragma once
[   ] 002: 
[   ] 003: #include "util.h"
[   ] 004: #include <stdbool.h>
[   ] 005: #include <volk.h>
[MKR] 006: // PUBLIC FUNCTIONS
[   ] 007: typedef enum ShaderStage {
[   ] 008:   SHADER_STAGE_VERTEX,
[   ] 009:   SHADER_STAGE_FRAGMENT,
[   ] 010:   SHADER_STAGE_COMPUTE
[   ] 011: } ShaderStage;
[   ] 012: 
[   ] 013: typedef struct {
[   ] 014:   VkShaderModule module;
[   ] 015:   const char **headers;
[   ] 016:   u32 count;
[   ] 017: } CompileResult;
[   ] 018: 
[UPD] 019:  CompileResult compile_glsl_to_spirv(VkDevice device, const char *path, ShaderStage stage);

--- PART 3: NEW INSERTIONS ---
